c:\users\user\documents\github\shooting\project1\project1\debug\vc141.pdb
c:\users\user\documents\github\shooting\project1\project1\debug\vc141.idb
c:\users\user\documents\github\shooting\project1\project1\debug\texture.obj
c:\users\user\documents\github\shooting\project1\project1\debug\sprite.obj
c:\users\user\documents\github\shooting\project1\project1\debug\sound.obj
c:\users\user\documents\github\shooting\project1\project1\debug\mydirect3d.obj
c:\users\user\documents\github\shooting\project1\project1\debug\main.obj
c:\users\user\documents\github\shooting\project1\project1\debug\input.obj
c:\users\user\documents\github\shooting\project1\project1\debug\fade.obj
c:\users\user\documents\github\shooting\project1\project1\debug\debugproc.obj
c:\users\user\documents\github\shooting\project1\project1\debug\title.obj
c:\users\user\documents\github\shooting\project1\project1\debug\stageselect.obj
c:\users\user\documents\github\shooting\project1\project1\debug\game.obj
c:\users\user\documents\github\shooting\project1\project1\debug\result.obj
c:\users\user\documents\github\shooting\project1\project1\debug\object.obj
c:\users\user\documents\github\shooting\project1\project1\debug\scene.obj
c:\users\user\documents\github\shooting\project1\project1\debug\table.obj
c:\users\user\documents\github\shooting\project1\project1\debug\player.obj
c:\users\user\documents\github\shooting\project1\project1\debug\collision.obj
c:\users\user\documents\github\shooting\project1\debug\project1.exe
c:\users\user\documents\github\shooting\project1\debug\project1.ilk
c:\users\user\documents\github\shooting\project1\debug\project1.pdb
c:\users\user\documents\github\shooting\project1\project1\debug\project1.tlog\cl.command.1.tlog
c:\users\user\documents\github\shooting\project1\project1\debug\project1.tlog\cl.read.1.tlog
c:\users\user\documents\github\shooting\project1\project1\debug\project1.tlog\cl.write.1.tlog
c:\users\user\documents\github\shooting\project1\project1\debug\project1.tlog\link.command.1.tlog
c:\users\user\documents\github\shooting\project1\project1\debug\project1.tlog\link.read.1.tlog
c:\users\user\documents\github\shooting\project1\project1\debug\project1.tlog\link.write.1.tlog
